<?xml version="1.0" encoding="UTF-8"?>
<testsuite xmlns:xsi="http://www.w3.org/2001/XMLSchema-instance" xsi:noNamespaceSchemaLocation="https://maven.apache.org/surefire/maven-surefire-plugin/xsd/surefire-test-report-3.0.xsd" version="3.0" name="com.unla.grupo2OO2.Grupo2Oo2ApplicationTests" time="149.021" tests="1" errors="0" skipped="0" failures="0">
  <properties>
[...]
</properties>
  <testcase name="contextLoads" classname="com.unla.grupo2OO2.Grupo2Oo2ApplicationTests" time="10.201">
    <system-out><![CDATA[18:31:30.845 [main] INFO org.springframework.test.context.support.AnnotationConfigContextLoaderUtils -- Could not detect default configuration classes for test class [com.unla.grupo2OO2.Grupo2Oo2ApplicationTests]: Grupo2Oo2ApplicationTests does not declare any static, non-private, non-final, nested classes annotated with @Configuration.
18:31:32.426 [main] INFO org.springframework.boot.test.context.SpringBootTestContextBootstrapper -- Found @SpringBootConfiguration com.unla.grupo2OO2.Grupo2Oo2Application for test class com.unla.grupo2OO2.Grupo2Oo2ApplicationTests

  .   ____          _            __ _ _
 /\\ / ___'_ __ _ _(_)_ __  __ _ \ \ \ \
( ( )\___ | '_ | '_| | '_ \/ _` | \ \ \ \
 \\/  ___)| |_)| | | | | || (_| |  ) ) ) )
  '  |____| .__|_| |_|_| |_\__, | / / / /
 =========|_|==============|___/=/_/_/_/
 :: Spring Boot ::                (v3.1.0)

2023-07-04T18:31:39.590-03:00  INFO 7684 --- [           main] c.u.grupo2OO2.Grupo2Oo2ApplicationTests  : Starting Grupo2Oo2ApplicationTests using Java 17.0.7 with PID 7684 (started by veron in C:\Users\veron\Desktop\tpoo2\grupo-2-OO2-2023\grupo2OO2\grupo2OO2)
2023-07-04T18:31:39.670-03:00  INFO 7684 --- [           main] c.u.grupo2OO2.Grupo2Oo2ApplicationTests  : No active profile set, falling back to 1 default profile: "default"
2023-07-04T18:32:00.768-03:00  INFO 7684 --- [           main] .s.d.r.c.RepositoryConfigurationDelegate : Bootstrapping Spring Data JPA repositories in DEFAULT mode.
2023-07-04T18:32:03.268-03:00  INFO 7684 --- [           main] .s.d.r.c.RepositoryConfigurationDelegate : Finished Spring Data repository scanning in 2301 ms. Found 5 JPA repository interfaces.
2023-07-04T18:32:31.919-03:00  INFO 7684 --- [           main] o.hibernate.jpa.internal.util.LogHelper  : HHH000204: Processing PersistenceUnitInfo [name: default]
2023-07-04T18:32:33.330-03:00  INFO 7684 --- [           main] org.hibernate.Version                    : HHH000412: Hibernate ORM core version 6.0.1.Final
2023-07-04T18:32:37.179-03:00  WARN 7684 --- [           main] org.hibernate.orm.deprecation            : HHH90000021: Encountered deprecated setting [javax.persistence.sharedCache.mode], use [jakarta.persistence.sharedCache.mode] instead
2023-07-04T18:32:41.196-03:00  INFO 7684 --- [           main] com.zaxxer.hikari.HikariDataSource       : HikariPool-1 - Starting...
2023-07-04T18:32:43.379-03:00  INFO 7684 --- [           main] com.zaxxer.hikari.pool.HikariPool        : HikariPool-1 - Added connection com.mysql.cj.jdbc.ConnectionImpl@62de73eb
2023-07-04T18:32:43.397-03:00  INFO 7684 --- [           main] com.zaxxer.hikari.HikariDataSource       : HikariPool-1 - Start completed.
2023-07-04T18:32:44.195-03:00  INFO 7684 --- [           main] SQL dialect                              : HHH000400: Using dialect: org.hibernate.dialect.MySQLDialect
Hibernate: create table dispositivo (id integer not null auto_increment, activo bit not null, created_at datetime, nombre varchar(255), updated_at datetime, primary key (id)) engine=InnoDB
Hibernate: create table evento (id_evento integer not null auto_increment, created_at datetime, descripcion varchar(255), dia date, hora_desde time, hora_hasta time, updated_at datetime, dispositivo_id integer not null, primary key (id_evento)) engine=InnoDB
Hibernate: create table persona (id integer not null auto_increment, apellido varchar(255), created_at datetime, dni integer not null, nombre varchar(255), updated_at datetime, primary key (id)) engine=InnoDB
Hibernate: create table user (id integer not null auto_increment, createdat datetime, enabled bit, password varchar(60) not null, updatedat datetime, username varchar(45) not null, primary key (id)) engine=InnoDB
Hibernate: create table user_role (id integer not null auto_increment, createdat datetime, role varchar(100) not null, updatedat datetime, user_id integer not null, primary key (id)) engine=InnoDB
Hibernate: alter table user drop index UK_sb8bbouer5wak8vyiiy4pf2bx
Hibernate: alter table user add constraint UK_sb8bbouer5wak8vyiiy4pf2bx unique (username)
Hibernate: alter table user_role drop index UKscfpive7aa0o9savdwmxmnaij
Hibernate: alter table user_role add constraint UKscfpive7aa0o9savdwmxmnaij unique (role, user_id)
Hibernate: alter table administrador add constraint FKm0c8div4rq6bf39928ryqfy2i foreign key (id) references persona (id)
Hibernate: alter table auditor add constraint FKj6c3ri4qxf7vjp977a2slpvxe foreign key (id) references persona (id)
Hibernate: alter table estacionamiento_inteligente add constraint FK9e4cp3bs8272pxfqwxqq0i62h foreign key (id) references dispositivo (id)
Hibernate: alter table evento add constraint FKm9heepp9fbmyuodqfs6m2aiot foreign key (dispositivo_id) references dispositivo (id)
Hibernate: alter table luces_inteligente add constraint FKqfssp54ylune19lwnboidiboj foreign key (id) references dispositivo (id)
Hibernate: alter table user_role add constraint FK859n2jvi8ivhui0rl0esws6o foreign key (user_id) references user (id)
2023-07-04T18:33:00.318-03:00  INFO 7684 --- [           main] o.h.e.t.j.p.i.JtaPlatformInitiator       : HHH000490: Using JtaPlatform implementation: [org.hibernate.engine.transaction.jta.platform.internal.NoJtaPlatform]
2023-07-04T18:33:00.398-03:00  INFO 7684 --- [           main] j.LocalContainerEntityManagerFactoryBean : Initialized JPA EntityManagerFactory for persistence unit 'default'
2023-07-04T18:33:04.485-03:00  INFO 7684 --- [           main] o.s.d.j.r.query.QueryEnhancerFactory     : Hibernate is in classpath; If applicable, HQL parser will be used.
2023-07-04T18:33:27.039-03:00  WARN 7684 --- [           main] JpaBaseConfiguration$JpaWebConfiguration : spring.jpa.open-in-view is enabled by default. Therefore, database queries may be performed during view rendering. Explicitly configure spring.jpa.open-in-view to disable this warning
2023-07-04T18:33:30.683-03:00  INFO 7684 --- [           main] o.s.b.a.w.s.WelcomePageHandlerMapping    : Adding welcome page template: index
2023-07-04T18:33:39.146-03:00  INFO 7684 --- [           main] o.s.b.a.e.web.EndpointLinksResolver      : Exposing 1 endpoint(s) beneath base path '/actuator'
2023-07-04T18:33:40.528-03:00  INFO 7684 --- [           main] o.s.s.web.DefaultSecurityFilterChain     : Will secure any request with [org.springframework.security.web.session.DisableEncodeUrlFilter@5679e464, org.springframework.security.web.context.request.async.WebAsyncManagerIntegrationFilter@6089c1e3, org.springframework.security.web.context.SecurityContextHolderFilter@47c14360, org.springframework.security.web.header.HeaderWriterFilter@348b26e0, org.springframework.security.web.csrf.CsrfFilter@34ccce55, org.springframework.security.web.authentication.logout.LogoutFilter@3bfab643, org.springframework.security.web.authentication.UsernamePasswordAuthenticationFilter@2845fd12, org.springframework.security.web.savedrequest.RequestCacheAwareFilter@55a46bf3, org.springframework.security.web.servletapi.SecurityContextHolderAwareRequestFilter@324c3ed5, org.springframework.security.web.authentication.AnonymousAuthenticationFilter@67231d8d, org.springframework.security.web.access.ExceptionTranslationFilter@3fc2197d, org.springframework.security.web.access.intercept.AuthorizationFilter@4d4f6121]
2023-07-04T18:33:46.299-03:00  INFO 7684 --- [           main] c.u.grupo2OO2.Grupo2Oo2ApplicationTests  : Started Grupo2Oo2ApplicationTests in 132.006 seconds (process running for 151.678)
]]></system-out>
  </testcase>
</testsuite>